


ARM Macro Assembler    Page 1 


    1 00000000                 AREA             ARMex, CODE, READONLY
    2 00000000                 ENTRY
    3 00000000         
    4 00000000         start
    5 00000000 E3A00001        MOV              r0,#1       ;store 1 in r0
    6 00000004 E1A00080        MOV              r0,r0,LSL #1 
                                                            ;r0= r0*2 = 1*2 = 2
                                                            
    7 00000008 E1A00080        MOV              r0,r0, LSL #1 
                                                            ;r0= r0*2 = 2*2 = 4
                                                            
    8 0000000C E1A00080        MOV              r0,r0, LSL #1 
                                                            ;r0= r0*2 = 4*2 = 8
                                                            
    9 00000010         
   10 00000010 E3A01001        MOV              r1,#1       ;store 1 in r1
   11 00000014 E1A01081        MOV              r1,r1, LSL #1 
                                                            ;r1= r1*2 = 1*2 = 2
                                                            
   12 00000018         
   13 00000018 E3A02001        MOV              r2,#1
   14 0000001C         
   15 0000001C E0803001        ADD              r3,r0,r1
   16 00000020         
   17 00000020 E0833002        ADD              r3,r3,r2
   18 00000024 E0844003        ADD              r4,r4,r3
   19 00000028         
   20 00000028 E0833001        ADD              r3, r3, r1
   21 0000002C E0844003        ADD              r4, r4, r3
   22 00000030         
   23 00000030 E0833001        ADD              r3, r3, r1
   24 00000034 E0844003        ADD              r4, r4, r3
   25 00000038         
   26 00000038 E0833001        ADD              r3, r3, r1
   27 0000003C E0844003        ADD              r4, r4, r3
   28 00000040         
   29 00000040 E0833001        ADD              r3, r3, r1
   30 00000044 E0844003        ADD              r4, r4, r3
   31 00000048         
   32 00000048 E0833001        ADD              r3, r3, r1
   33 0000004C E0844003        ADD              r4, r4, r3
   34 00000050         
   35 00000050 E0833001        ADD              r3, r3, r1
   36 00000054 E0844003        ADD              r4, r4, r3
   37 00000058         
   38 00000058 E0833001        ADD              r3, r3, r1
   39 0000005C E0844003        ADD              r4, r4, r3
   40 00000060         
   41 00000060 E0833001        ADD              r3, r3, r1
   42 00000064 E0844003        ADD              r4, r4, r3
   43 00000068         
   44 00000068 E0833001        ADD              r3, r3, r1
   45 0000006C E0844003        ADD              r4, r4, r3
   46 00000070         
   47 00000070 E59F5004        LDR              r5, Address1
   48 00000074 E5854000        STR              r4, [r5]
   49 00000078         
   50 00000078 E1A0F00E        MOV              pc, lr
   51 0000007C         



ARM Macro Assembler    Page 2 


   52 0000007C 00004000 
                       Address1
                               &                &4000
                       
Command Line: --debug --xref --diag_suppress=9931 --cpu=ARM9E --apcs=interwork 
--depend=.\objects\p3-3.d -o.\objects\p3-3.o -IC:\Keil_v5\ARM\RV31\INC -IC:\Kei
l_v5\ARM\CMSIS\Include --predefine="__EVAL SETA 1" --predefine="__UVISION_VERSI
ON SETA 524" --list=.\listings\p3-3.lst p3-3.s



ARM Macro Assembler    Page 1 Alphabetic symbol ordering
Relocatable symbols

ARMex 00000000

Symbol: ARMex
   Definitions
      At line 1 in file p3-3.s
   Uses
      None
Comment: ARMex unused
Address1 0000007C

Symbol: Address1
   Definitions
      At line 52 in file p3-3.s
   Uses
      At line 47 in file p3-3.s
Comment: Address1 used once
start 00000000

Symbol: start
   Definitions
      At line 4 in file p3-3.s
   Uses
      None
Comment: start unused
3 symbols
335 symbols in table
