


ARM Macro Assembler    Page 1 


    1 00000000                 AREA             ARMex, CODE, READONLY
    2 00000000                 ENTRY
    3 00000000         
    4 00000000         Start
    5 00000000 E59FA070        LDR              r10, Address1 ;load Address1 to
                                                             r10
    6 00000004         
    7 00000004 E3A01001        MOV              r1, #1      ;r0 = 1
    8 00000008 E3A02002        MOV              r2, #2      ;r1 = 2
    9 0000000C E3A03003        MOV              r3, #3      ;r2 = 3
   10 00000010 E3A04004        MOV              r4, #4      ;r3 = 4
   11 00000014 E3A05005        MOV              r5, #5      ;r4 = 5
   12 00000018 E3A06006        MOV              r6, #6      ;r5 = 6
   13 0000001C E3A07007        MOV              r7, #7      ;r6 = 7
   14 00000020 E3A08008        MOV              r8, #8      ;r7 = 8
   15 00000024 E3A09009        MOV              r9, #9      ;r8 = 9
   16 00000028 E3A0000A        MOV              r0, #10     ;r9 = 10
   17 0000002C         
   18 0000002C E48A1004        STR              r1, [r10], #4 ;store r1 in r10,
                                                             r10=r10+4byte :1
   19 00000030         
   20 00000030 E48A2004        STR              r2, [r10], #4 ;store r2 in r10,
                                                             r10=r10+4byte :1*2
                                                            
   21 00000034         
   22 00000034 E0010392        MUL              r1, r2, r3  ;r1=r2*r3      =1*2
                                                            *3 
   23 00000038 E48A1004        STR              r1, [r10], #4 ;store r1 in r10,
                                                             r10=r10+4byte
   24 0000003C         
   25 0000003C E0020491        MUL              r2, r1, r4  ;r2=r1*r4      =1*2
                                                            *3*4
   26 00000040 E48A2004        STR              r2, [r10], #4 ;store r2 in r10,
                                                             r10=r10+4byte
   27 00000044         
   28 00000044 E0030592        MUL              r3, r2, r5  ;r3=r2*r5      =1*2
                                                            *3*4*5 
   29 00000048 E48A3004        STR              r3, [r10], #4 ;store r3 in r10,
                                                             r10=r10+4byte
   30 0000004C         
   31 0000004C E0040693        MUL              r4, r3, r6  ;r4=r3*r6      =1*2
                                                            *3*4*5*6 
   32 00000050 E48A4004        STR              r4, [r10], #4 ;store r4 in r10,
                                                             r10=r10+4byte
   33 00000054         
   34 00000054 E0050794        MUL              r5, r4, r7  ;r5=r4*r7      =1*2
                                                            *3*4*5*6*7 
   35 00000058 E48A5004        STR              r5, [r10], #4 ;store r5 in r10,
                                                             r10=r10+4byte
   36 0000005C         
   37 0000005C E0060895        MUL              r6, r5, r8  ;r6=r5*r8      =1*2
                                                            *3*4*5*6*7*8
   38 00000060 E48A6004        STR              r6, [r10], #4 ;store r6 in r10,
                                                             r10=r10+4byte
   39 00000064         
   40 00000064 E0070996        MUL              r7, r6, r9  ;r7=r6*r9      =1*2
                                                            *3*4*5*6*7*8*9 
   41 00000068 E48A7004        STR              r7, [r10], #4 ;store r7 in r10,
                                                             r10=r10+4byte



ARM Macro Assembler    Page 2 


   42 0000006C         
   43 0000006C E0080097        MUL              r8, r7, r0  ;r8=r7*r00      =1*
                                                            2*3*4*5*6*7*8*9*10
   44 00000070 E48A8004        STR              r8, [r10], #4 ;store r8 in r10,
                                                             r10=r10+4byte
   45 00000074         
   46 00000074 E1A0F00E        MOV              pc, lr      ;pc=lr
   47 00000078         
   48 00000078 00040000 
                       Address1
                               &                &00040000   ;Address1=40000
   49 0000007C                 end
Command Line: --debug --xref --diag_suppress=9931 --cpu=ARM9E --apcs=interwork 
--depend=.\objects\p2.d -o.\objects\p2.o -IC:\Keil_v5\ARM\RV31\INC -IC:\Keil_v5
\ARM\CMSIS\Include --predefine="__EVAL SETA 1" --predefine="__UVISION_VERSION S
ETA 524" --list=.\listings\p2.lst p2.s



ARM Macro Assembler    Page 1 Alphabetic symbol ordering
Relocatable symbols

ARMex 00000000

Symbol: ARMex
   Definitions
      At line 1 in file p2.s
   Uses
      None
Comment: ARMex unused
Address1 00000078

Symbol: Address1
   Definitions
      At line 48 in file p2.s
   Uses
      At line 5 in file p2.s
Comment: Address1 used once
Start 00000000

Symbol: Start
   Definitions
      At line 4 in file p2.s
   Uses
      None
Comment: Start unused
3 symbols
335 symbols in table
