Analysis & Synthesis report for tl_cntr
Thu Sep 28 03:59:44 2017
Quartus II 64-Bit Version 13.0.0 Build 156 04/24/2013 SJ Web Edition


---------------------
; Table of Contents ;
---------------------
  1. Legal Notice
  2. Analysis & Synthesis Summary
  3. Analysis & Synthesis Settings
  4. Parallel Compilation
  5. Analysis & Synthesis Source Files Read
  6. Analysis & Synthesis Resource Usage Summary
  7. Analysis & Synthesis Resource Utilization by Entity
  8. General Register Statistics
  9. Parameter Settings for User Entity Instance: ns_logic:U1_ns_logic
 10. Parameter Settings for User Entity Instance: o_logic:U2_o_logic
 11. Elapsed Time Per Partition
 12. Analysis & Synthesis Messages



----------------
; Legal Notice ;
----------------
Copyright (C) 1991-2013 Altera Corporation
Your use of Altera Corporation's design tools, logic functions 
and other software and tools, and its AMPP partner logic 
functions, and any output files from any of the foregoing 
(including device programming or simulation files), and any 
associated documentation or information are expressly subject 
to the terms and conditions of the Altera Program License 
Subscription Agreement, Altera MegaCore Function License 
Agreement, or other applicable license agreement, including, 
without limitation, that your use is for the sole purpose of 
programming logic devices manufactured by Altera and sold by 
Altera or its authorized distributors.  Please refer to the 
applicable agreement for further details.



+---------------------------------------------------------------------------------+
; Analysis & Synthesis Summary                                                    ;
+------------------------------------+--------------------------------------------+
; Analysis & Synthesis Status        ; Successful - Thu Sep 28 03:59:44 2017      ;
; Quartus II 64-Bit Version          ; 13.0.0 Build 156 04/24/2013 SJ Web Edition ;
; Revision Name                      ; tl_cntr                                    ;
; Top-level Entity Name              ; tl_cntr                                    ;
; Family                             ; Cyclone II                                 ;
; Total logic elements               ; 6                                          ;
;     Total combinational functions  ; 6                                          ;
;     Dedicated logic registers      ; 2                                          ;
; Total registers                    ; 2                                          ;
; Total pins                         ; 8                                          ;
; Total virtual pins                 ; 0                                          ;
; Total memory bits                  ; 0                                          ;
; Embedded Multiplier 9-bit elements ; 0                                          ;
; Total PLLs                         ; 0                                          ;
+------------------------------------+--------------------------------------------+


+----------------------------------------------------------------------------------------------------------------------+
; Analysis & Synthesis Settings                                                                                        ;
+----------------------------------------------------------------------------+--------------------+--------------------+
; Option                                                                     ; Setting            ; Default Value      ;
+----------------------------------------------------------------------------+--------------------+--------------------+
; Device                                                                     ; EP2C70F896C6       ;                    ;
; Top-level entity name                                                      ; tl_cntr            ; tl_cntr            ;
; Family name                                                                ; Cyclone II         ; Cyclone IV GX      ;
; Use smart compilation                                                      ; Off                ; Off                ;
; Enable parallel Assembler and TimeQuest Timing Analyzer during compilation ; On                 ; On                 ;
; Enable compact report table                                                ; Off                ; Off                ;
; Restructure Multiplexers                                                   ; Auto               ; Auto               ;
; Create Debugging Nodes for IP Cores                                        ; Off                ; Off                ;
; Preserve fewer node names                                                  ; On                 ; On                 ;
; Disable OpenCore Plus hardware evaluation                                  ; Off                ; Off                ;
; Verilog Version                                                            ; Verilog_2001       ; Verilog_2001       ;
; VHDL Version                                                               ; VHDL_1993          ; VHDL_1993          ;
; State Machine Processing                                                   ; Auto               ; Auto               ;
; Safe State Machine                                                         ; Off                ; Off                ;
; Extract Verilog State Machines                                             ; On                 ; On                 ;
; Extract VHDL State Machines                                                ; On                 ; On                 ;
; Ignore Verilog initial constructs                                          ; Off                ; Off                ;
; Iteration limit for constant Verilog loops                                 ; 5000               ; 5000               ;
; Iteration limit for non-constant Verilog loops                             ; 250                ; 250                ;
; Add Pass-Through Logic to Inferred RAMs                                    ; On                 ; On                 ;
; Infer RAMs from Raw Logic                                                  ; On                 ; On                 ;
; Parallel Synthesis                                                         ; On                 ; On                 ;
; DSP Block Balancing                                                        ; Auto               ; Auto               ;
; NOT Gate Push-Back                                                         ; On                 ; On                 ;
; Power-Up Don't Care                                                        ; On                 ; On                 ;
; Remove Redundant Logic Cells                                               ; Off                ; Off                ;
; Remove Duplicate Registers                                                 ; On                 ; On                 ;
; Ignore CARRY Buffers                                                       ; Off                ; Off                ;
; Ignore CASCADE Buffers                                                     ; Off                ; Off                ;
; Ignore GLOBAL Buffers                                                      ; Off                ; Off                ;
; Ignore ROW GLOBAL Buffers                                                  ; Off                ; Off                ;
; Ignore LCELL Buffers                                                       ; Off                ; Off                ;
; Ignore SOFT Buffers                                                        ; On                 ; On                 ;
; Limit AHDL Integers to 32 Bits                                             ; Off                ; Off                ;
; Optimization Technique                                                     ; Balanced           ; Balanced           ;
; Carry Chain Length                                                         ; 70                 ; 70                 ;
; Auto Carry Chains                                                          ; On                 ; On                 ;
; Auto Open-Drain Pins                                                       ; On                 ; On                 ;
; Perform WYSIWYG Primitive Resynthesis                                      ; Off                ; Off                ;
; Auto ROM Replacement                                                       ; On                 ; On                 ;
; Auto RAM Replacement                                                       ; On                 ; On                 ;
; Auto Shift Register Replacement                                            ; Auto               ; Auto               ;
; Allow Shift Register Merging across Hierarchies                            ; Auto               ; Auto               ;
; Auto Clock Enable Replacement                                              ; On                 ; On                 ;
; Strict RAM Replacement                                                     ; Off                ; Off                ;
; Allow Synchronous Control Signals                                          ; On                 ; On                 ;
; Force Use of Synchronous Clear Signals                                     ; Off                ; Off                ;
; Auto RAM to Logic Cell Conversion                                          ; Off                ; Off                ;
; Auto Resource Sharing                                                      ; Off                ; Off                ;
; Allow Any RAM Size For Recognition                                         ; Off                ; Off                ;
; Allow Any ROM Size For Recognition                                         ; Off                ; Off                ;
; Allow Any Shift Register Size For Recognition                              ; Off                ; Off                ;
; Use LogicLock Constraints during Resource Balancing                        ; On                 ; On                 ;
; Ignore translate_off and synthesis_off directives                          ; Off                ; Off                ;
; Timing-Driven Synthesis                                                    ; Off                ; Off                ;
; Report Parameter Settings                                                  ; On                 ; On                 ;
; Report Source Assignments                                                  ; On                 ; On                 ;
; Report Connectivity Checks                                                 ; On                 ; On                 ;
; Ignore Maximum Fan-Out Assignments                                         ; Off                ; Off                ;
; Synchronization Register Chain Length                                      ; 2                  ; 2                  ;
; PowerPlay Power Optimization                                               ; Normal compilation ; Normal compilation ;
; HDL message level                                                          ; Level2             ; Level2             ;
; Suppress Register Optimization Related Messages                            ; Off                ; Off                ;
; Number of Removed Registers Reported in Synthesis Report                   ; 5000               ; 5000               ;
; Number of Swept Nodes Reported in Synthesis Report                         ; 5000               ; 5000               ;
; Number of Inverted Registers Reported in Synthesis Report                  ; 100                ; 100                ;
; Clock MUX Protection                                                       ; On                 ; On                 ;
; Auto Gated Clock Conversion                                                ; Off                ; Off                ;
; Block Design Naming                                                        ; Auto               ; Auto               ;
; SDC constraint protection                                                  ; Off                ; Off                ;
; Synthesis Effort                                                           ; Auto               ; Auto               ;
; Shift Register Replacement - Allow Asynchronous Clear Signal               ; On                 ; On                 ;
; Pre-Mapping Resynthesis Optimization                                       ; Off                ; Off                ;
; Analysis & Synthesis Message Level                                         ; Medium             ; Medium             ;
; Disable Register Merging Across Hierarchies                                ; Auto               ; Auto               ;
; Resource Aware Inference For Block RAM                                     ; On                 ; On                 ;
; Synthesis Seed                                                             ; 1                  ; 1                  ;
+----------------------------------------------------------------------------+--------------------+--------------------+


Parallel compilation was disabled, but you have multiple processors available. Enable parallel compilation to reduce compilation time.
+-------------------------------------+
; Parallel Compilation                ;
+----------------------------+--------+
; Processors                 ; Number ;
+----------------------------+--------+
; Number detected on machine ; 8      ;
; Maximum allowed            ; 1      ;
+----------------------------+--------+


+------------------------------------------------------------------------------------------------------------------------------------------+
; Analysis & Synthesis Source Files Read                                                                                                   ;
+----------------------------------+-----------------+------------------------+--------------------------------------------------+---------+
; File Name with User-Entered Path ; Used in Netlist ; File Type              ; File Name with Absolute Path                     ; Library ;
+----------------------------------+-----------------+------------------------+--------------------------------------------------+---------+
; tl_cntr.v                        ; yes             ; User Verilog HDL File  ; C:/Users/starh/1.tl_cntr_behavior/tl_cntr.v      ;         ;
; o_logic.v                        ; yes             ; User Verilog HDL File  ; C:/Users/starh/1.tl_cntr_behavior/o_logic.v      ;         ;
; ns_logic.v                       ; yes             ; User Verilog HDL File  ; C:/Users/starh/1.tl_cntr_behavior/ns_logic.v     ;         ;
; _register2_r.v                   ; yes             ; User Verilog HDL File  ; C:/Users/starh/1.tl_cntr_behavior/_register2_r.v ;         ;
; _dff_r_async.v                   ; yes             ; User Verilog HDL File  ; C:/Users/starh/1.tl_cntr_behavior/_dff_r_async.v ;         ;
+----------------------------------+-----------------+------------------------+--------------------------------------------------+---------+


+---------------------------------------------------------------------------------------------------------+
; Analysis & Synthesis Resource Usage Summary                                                             ;
+---------------------------------------------+-----------------------------------------------------------+
; Resource                                    ; Usage                                                     ;
+---------------------------------------------+-----------------------------------------------------------+
; Estimated Total logic elements              ; 6                                                         ;
;                                             ;                                                           ;
; Total combinational functions               ; 6                                                         ;
; Logic element usage by number of LUT inputs ;                                                           ;
;     -- 4 input functions                    ; 1                                                         ;
;     -- 3 input functions                    ; 0                                                         ;
;     -- <=2 input functions                  ; 5                                                         ;
;                                             ;                                                           ;
; Logic elements by mode                      ;                                                           ;
;     -- normal mode                          ; 6                                                         ;
;     -- arithmetic mode                      ; 0                                                         ;
;                                             ;                                                           ;
; Total registers                             ; 2                                                         ;
;     -- Dedicated logic registers            ; 2                                                         ;
;     -- I/O registers                        ; 0                                                         ;
;                                             ;                                                           ;
; I/O pins                                    ; 8                                                         ;
; Embedded Multiplier 9-bit elements          ; 0                                                         ;
; Maximum fan-out node                        ; _register2_r:U0_register2_r|_dff_r_async:U0_dff_r_async|q ;
; Maximum fan-out                             ; 6                                                         ;
; Total fan-out                               ; 24                                                        ;
; Average fan-out                             ; 1.50                                                      ;
+---------------------------------------------+-----------------------------------------------------------+


+-----------------------------------------------------------------------------------------------------------------------------------------------------------------------------------------------------------------------------------+
; Analysis & Synthesis Resource Utilization by Entity                                                                                                                                                                               ;
+-------------------------------------+-------------------+--------------+-------------+--------------+---------+-----------+------+--------------+------------------------------------------------------------------+--------------+
; Compilation Hierarchy Node          ; LC Combinationals ; LC Registers ; Memory Bits ; DSP Elements ; DSP 9x9 ; DSP 18x18 ; Pins ; Virtual Pins ; Full Hierarchy Name                                              ; Library Name ;
+-------------------------------------+-------------------+--------------+-------------+--------------+---------+-----------+------+--------------+------------------------------------------------------------------+--------------+
; |tl_cntr                            ; 6 (0)             ; 2 (0)        ; 0           ; 0            ; 0       ; 0         ; 8    ; 0            ; |tl_cntr                                                         ;              ;
;    |_register2_r:U0_register2_r|    ; 1 (0)             ; 2 (0)        ; 0           ; 0            ; 0       ; 0         ; 0    ; 0            ; |tl_cntr|_register2_r:U0_register2_r                             ;              ;
;       |_dff_r_async:U0_dff_r_async| ; 0 (0)             ; 1 (1)        ; 0           ; 0            ; 0       ; 0         ; 0    ; 0            ; |tl_cntr|_register2_r:U0_register2_r|_dff_r_async:U0_dff_r_async ;              ;
;       |_dff_r_async:U1_dff_r_async| ; 1 (1)             ; 1 (1)        ; 0           ; 0            ; 0       ; 0         ; 0    ; 0            ; |tl_cntr|_register2_r:U0_register2_r|_dff_r_async:U1_dff_r_async ;              ;
;    |ns_logic:U1_ns_logic|           ; 1 (1)             ; 0 (0)        ; 0           ; 0            ; 0       ; 0         ; 0    ; 0            ; |tl_cntr|ns_logic:U1_ns_logic                                    ;              ;
;    |o_logic:U2_o_logic|             ; 4 (4)             ; 0 (0)        ; 0           ; 0            ; 0       ; 0         ; 0    ; 0            ; |tl_cntr|o_logic:U2_o_logic                                      ;              ;
+-------------------------------------+-------------------+--------------+-------------+--------------+---------+-----------+------+--------------+------------------------------------------------------------------+--------------+
Note: For table entries with two numbers listed, the numbers in parentheses indicate the number of resources of the given type used by the specific entity alone. The numbers listed outside of parentheses indicate the total resources of the given type used by the specific entity and all of its sub-entities in the hierarchy.


+------------------------------------------------------+
; General Register Statistics                          ;
+----------------------------------------------+-------+
; Statistic                                    ; Value ;
+----------------------------------------------+-------+
; Total registers                              ; 2     ;
; Number of registers using Synchronous Clear  ; 0     ;
; Number of registers using Synchronous Load   ; 0     ;
; Number of registers using Asynchronous Clear ; 2     ;
; Number of registers using Asynchronous Load  ; 0     ;
; Number of registers using Clock Enable       ; 0     ;
; Number of registers using Preset             ; 0     ;
+----------------------------------------------+-------+


+-------------------------------------------------------------------+
; Parameter Settings for User Entity Instance: ns_logic:U1_ns_logic ;
+----------------+-------+------------------------------------------+
; Parameter Name ; Value ; Type                                     ;
+----------------+-------+------------------------------------------+
; s0             ; 00    ; Unsigned Binary                          ;
; s1             ; 01    ; Unsigned Binary                          ;
; s2             ; 10    ; Unsigned Binary                          ;
; s3             ; 11    ; Unsigned Binary                          ;
+----------------+-------+------------------------------------------+
Note: In order to hide this table in the UI and the text report file, please set the "Show Parameter Settings in Synthesis Report" option in "Analysis and Synthesis Settings -> More Settings" to "Off".


+-----------------------------------------------------------------+
; Parameter Settings for User Entity Instance: o_logic:U2_o_logic ;
+----------------+-------+----------------------------------------+
; Parameter Name ; Value ; Type                                   ;
+----------------+-------+----------------------------------------+
; s0             ; 00    ; Unsigned Binary                        ;
; s1             ; 01    ; Unsigned Binary                        ;
; s2             ; 10    ; Unsigned Binary                        ;
; s3             ; 11    ; Unsigned Binary                        ;
; red            ; 00    ; Unsigned Binary                        ;
; yellow         ; 01    ; Unsigned Binary                        ;
; green          ; 10    ; Unsigned Binary                        ;
+----------------+-------+----------------------------------------+
Note: In order to hide this table in the UI and the text report file, please set the "Show Parameter Settings in Synthesis Report" option in "Analysis and Synthesis Settings -> More Settings" to "Off".


+-------------------------------+
; Elapsed Time Per Partition    ;
+----------------+--------------+
; Partition Name ; Elapsed Time ;
+----------------+--------------+
; Top            ; 00:00:00     ;
+----------------+--------------+


+-------------------------------+
; Analysis & Synthesis Messages ;
+-------------------------------+
Info: *******************************************************************
Info: Running Quartus II 64-Bit Analysis & Synthesis
    Info: Version 13.0.0 Build 156 04/24/2013 SJ Web Edition
    Info: Processing started: Thu Sep 28 03:59:43 2017
Info: Command: quartus_map --read_settings_files=on --write_settings_files=off tl_cntr -c tl_cntr
Warning (20028): Parallel compilation is not licensed and has been disabled
Info (12021): Found 1 design units, including 1 entities, in source file tl_cntr.v
    Info (12023): Found entity 1: tl_cntr
Info (12021): Found 1 design units, including 1 entities, in source file tb_tl_cntr.v
    Info (12023): Found entity 1: tb_tl_cntr
Info (12021): Found 1 design units, including 1 entities, in source file o_logic.v
    Info (12023): Found entity 1: o_logic
Info (12021): Found 1 design units, including 1 entities, in source file ns_logic.v
    Info (12023): Found entity 1: ns_logic
Info (12021): Found 1 design units, including 1 entities, in source file _register2_r.v
    Info (12023): Found entity 1: _register2_r
Info (12021): Found 1 design units, including 1 entities, in source file _dff_r_async.v
    Info (12023): Found entity 1: _dff_r_async
Info (12127): Elaborating entity "tl_cntr" for the top level hierarchy
Info (12128): Elaborating entity "_register2_r" for hierarchy "_register2_r:U0_register2_r"
Info (12128): Elaborating entity "_dff_r_async" for hierarchy "_register2_r:U0_register2_r|_dff_r_async:U0_dff_r_async"
Info (12128): Elaborating entity "ns_logic" for hierarchy "ns_logic:U1_ns_logic"
Info (12128): Elaborating entity "o_logic" for hierarchy "o_logic:U2_o_logic"
Info (16010): Generating hard_block partition "hard_block:auto_generated_inst"
    Info (16011): Adding 0 node(s), including 0 DDIO, 0 PLL, 0 transceiver and 0 LCELL
Info (21057): Implemented 14 device resources after synthesis - the final resource count might be different
    Info (21058): Implemented 4 input pins
    Info (21059): Implemented 4 output pins
    Info (21061): Implemented 6 logic cells
Info: Quartus II 64-Bit Analysis & Synthesis was successful. 0 errors, 1 warning
    Info: Peak virtual memory: 488 megabytes
    Info: Processing ended: Thu Sep 28 03:59:44 2017
    Info: Elapsed time: 00:00:01
    Info: Total CPU time (on all processors): 00:00:01


