Analysis & Synthesis report for bus
Thu Nov 02 22:47:59 2017
Quartus II 64-Bit Version 13.0.0 Build 156 04/24/2013 SJ Web Edition


---------------------
; Table of Contents ;
---------------------
  1. Legal Notice
  2. Analysis & Synthesis Summary
  3. Analysis & Synthesis Settings
  4. Parallel Compilation
  5. Analysis & Synthesis Source Files Read
  6. Analysis & Synthesis Resource Usage Summary
  7. Analysis & Synthesis Resource Utilization by Entity
  8. State Machine - |bus|bus_arbit:U0_bus_arbit|state
  9. Registers Removed During Synthesis
 10. General Register Statistics
 11. Multiplexer Restructuring Statistics (Restructuring Performed)
 12. Parameter Settings for User Entity Instance: bus_arbit:U0_bus_arbit
 13. Port Connectivity Checks: "mux3_32bit:U6_mux3_32bit"
 14. Elapsed Time Per Partition
 15. Analysis & Synthesis Messages
 16. Analysis & Synthesis Suppressed Messages



----------------
; Legal Notice ;
----------------
Copyright (C) 1991-2013 Altera Corporation
Your use of Altera Corporation's design tools, logic functions 
and other software and tools, and its AMPP partner logic 
functions, and any output files from any of the foregoing 
(including device programming or simulation files), and any 
associated documentation or information are expressly subject 
to the terms and conditions of the Altera Program License 
Subscription Agreement, Altera MegaCore Function License 
Agreement, or other applicable license agreement, including, 
without limitation, that your use is for the sole purpose of 
programming logic devices manufactured by Altera and sold by 
Altera or its authorized distributors.  Please refer to the 
applicable agreement for further details.



+---------------------------------------------------------------------------------+
; Analysis & Synthesis Summary                                                    ;
+------------------------------------+--------------------------------------------+
; Analysis & Synthesis Status        ; Successful - Thu Nov 02 22:47:59 2017      ;
; Quartus II 64-Bit Version          ; 13.0.0 Build 156 04/24/2013 SJ Web Edition ;
; Revision Name                      ; bus                                        ;
; Top-level Entity Name              ; bus                                        ;
; Family                             ; Cyclone II                                 ;
; Total logic elements               ; 78                                         ;
;     Total combinational functions  ; 78                                         ;
;     Dedicated logic registers      ; 3                                          ;
; Total registers                    ; 3                                          ;
; Total pins                         ; 227                                        ;
; Total virtual pins                 ; 0                                          ;
; Total memory bits                  ; 0                                          ;
; Embedded Multiplier 9-bit elements ; 0                                          ;
; Total PLLs                         ; 0                                          ;
+------------------------------------+--------------------------------------------+


+----------------------------------------------------------------------------------------------------------------------+
; Analysis & Synthesis Settings                                                                                        ;
+----------------------------------------------------------------------------+--------------------+--------------------+
; Option                                                                     ; Setting            ; Default Value      ;
+----------------------------------------------------------------------------+--------------------+--------------------+
; Device                                                                     ; EP2C70F896C6       ;                    ;
; Top-level entity name                                                      ; bus                ; bus                ;
; Family name                                                                ; Cyclone II         ; Cyclone IV GX      ;
; Use smart compilation                                                      ; Off                ; Off                ;
; Enable parallel Assembler and TimeQuest Timing Analyzer during compilation ; On                 ; On                 ;
; Enable compact report table                                                ; Off                ; Off                ;
; Restructure Multiplexers                                                   ; Auto               ; Auto               ;
; Create Debugging Nodes for IP Cores                                        ; Off                ; Off                ;
; Preserve fewer node names                                                  ; On                 ; On                 ;
; Disable OpenCore Plus hardware evaluation                                  ; Off                ; Off                ;
; Verilog Version                                                            ; Verilog_2001       ; Verilog_2001       ;
; VHDL Version                                                               ; VHDL_1993          ; VHDL_1993          ;
; State Machine Processing                                                   ; Auto               ; Auto               ;
; Safe State Machine                                                         ; Off                ; Off                ;
; Extract Verilog State Machines                                             ; On                 ; On                 ;
; Extract VHDL State Machines                                                ; On                 ; On                 ;
; Ignore Verilog initial constructs                                          ; Off                ; Off                ;
; Iteration limit for constant Verilog loops                                 ; 5000               ; 5000               ;
; Iteration limit for non-constant Verilog loops                             ; 250                ; 250                ;
; Add Pass-Through Logic to Inferred RAMs                                    ; On                 ; On                 ;
; Infer RAMs from Raw Logic                                                  ; On                 ; On                 ;
; Parallel Synthesis                                                         ; On                 ; On                 ;
; DSP Block Balancing                                                        ; Auto               ; Auto               ;
; NOT Gate Push-Back                                                         ; On                 ; On                 ;
; Power-Up Don't Care                                                        ; On                 ; On                 ;
; Remove Redundant Logic Cells                                               ; Off                ; Off                ;
; Remove Duplicate Registers                                                 ; On                 ; On                 ;
; Ignore CARRY Buffers                                                       ; Off                ; Off                ;
; Ignore CASCADE Buffers                                                     ; Off                ; Off                ;
; Ignore GLOBAL Buffers                                                      ; Off                ; Off                ;
; Ignore ROW GLOBAL Buffers                                                  ; Off                ; Off                ;
; Ignore LCELL Buffers                                                       ; Off                ; Off                ;
; Ignore SOFT Buffers                                                        ; On                 ; On                 ;
; Limit AHDL Integers to 32 Bits                                             ; Off                ; Off                ;
; Optimization Technique                                                     ; Balanced           ; Balanced           ;
; Carry Chain Length                                                         ; 70                 ; 70                 ;
; Auto Carry Chains                                                          ; On                 ; On                 ;
; Auto Open-Drain Pins                                                       ; On                 ; On                 ;
; Perform WYSIWYG Primitive Resynthesis                                      ; Off                ; Off                ;
; Auto ROM Replacement                                                       ; On                 ; On                 ;
; Auto RAM Replacement                                                       ; On                 ; On                 ;
; Auto Shift Register Replacement                                            ; Auto               ; Auto               ;
; Allow Shift Register Merging across Hierarchies                            ; Auto               ; Auto               ;
; Auto Clock Enable Replacement                                              ; On                 ; On                 ;
; Strict RAM Replacement                                                     ; Off                ; Off                ;
; Allow Synchronous Control Signals                                          ; On                 ; On                 ;
; Force Use of Synchronous Clear Signals                                     ; Off                ; Off                ;
; Auto RAM to Logic Cell Conversion                                          ; Off                ; Off                ;
; Auto Resource Sharing                                                      ; Off                ; Off                ;
; Allow Any RAM Size For Recognition                                         ; Off                ; Off                ;
; Allow Any ROM Size For Recognition                                         ; Off                ; Off                ;
; Allow Any Shift Register Size For Recognition                              ; Off                ; Off                ;
; Use LogicLock Constraints during Resource Balancing                        ; On                 ; On                 ;
; Ignore translate_off and synthesis_off directives                          ; Off                ; Off                ;
; Timing-Driven Synthesis                                                    ; Off                ; Off                ;
; Report Parameter Settings                                                  ; On                 ; On                 ;
; Report Source Assignments                                                  ; On                 ; On                 ;
; Report Connectivity Checks                                                 ; On                 ; On                 ;
; Ignore Maximum Fan-Out Assignments                                         ; Off                ; Off                ;
; Synchronization Register Chain Length                                      ; 2                  ; 2                  ;
; PowerPlay Power Optimization                                               ; Normal compilation ; Normal compilation ;
; HDL message level                                                          ; Level2             ; Level2             ;
; Suppress Register Optimization Related Messages                            ; Off                ; Off                ;
; Number of Removed Registers Reported in Synthesis Report                   ; 5000               ; 5000               ;
; Number of Swept Nodes Reported in Synthesis Report                         ; 5000               ; 5000               ;
; Number of Inverted Registers Reported in Synthesis Report                  ; 100                ; 100                ;
; Clock MUX Protection                                                       ; On                 ; On                 ;
; Auto Gated Clock Conversion                                                ; Off                ; Off                ;
; Block Design Naming                                                        ; Auto               ; Auto               ;
; SDC constraint protection                                                  ; Off                ; Off                ;
; Synthesis Effort                                                           ; Auto               ; Auto               ;
; Shift Register Replacement - Allow Asynchronous Clear Signal               ; On                 ; On                 ;
; Pre-Mapping Resynthesis Optimization                                       ; Off                ; Off                ;
; Analysis & Synthesis Message Level                                         ; Medium             ; Medium             ;
; Disable Register Merging Across Hierarchies                                ; Auto               ; Auto               ;
; Resource Aware Inference For Block RAM                                     ; On                 ; On                 ;
; Synthesis Seed                                                             ; 1                  ; 1                  ;
+----------------------------------------------------------------------------+--------------------+--------------------+


Parallel compilation was disabled, but you have multiple processors available. Enable parallel compilation to reduce compilation time.
+-------------------------------------+
; Parallel Compilation                ;
+----------------------------+--------+
; Processors                 ; Number ;
+----------------------------+--------+
; Number detected on machine ; 8      ;
; Maximum allowed            ; 1      ;
+----------------------------+--------+


+-------------------------------------------------------------------------------------------------------------------------+
; Analysis & Synthesis Source Files Read                                                                                  ;
+----------------------------------+-----------------+------------------------+---------------------------------+---------+
; File Name with User-Entered Path ; Used in Netlist ; File Type              ; File Name with Absolute Path    ; Library ;
+----------------------------------+-----------------+------------------------+---------------------------------+---------+
; bus.v                            ; yes             ; User Verilog HDL File  ; C:/Users/starh/bus/bus.v        ;         ;
; mux2.v                           ; yes             ; User Verilog HDL File  ; C:/Users/starh/bus/mux2.v       ;         ;
; mux2_8bit.v                      ; yes             ; User Verilog HDL File  ; C:/Users/starh/bus/mux2_8bit.v  ;         ;
; mux3_32bit.v                     ; yes             ; User Verilog HDL File  ; C:/Users/starh/bus/mux3_32bit.v ;         ;
; mux2_32bit.v                     ; yes             ; User Verilog HDL File  ; C:/Users/starh/bus/mux2_32bit.v ;         ;
; bus_addr.v                       ; yes             ; User Verilog HDL File  ; C:/Users/starh/bus/bus_addr.v   ;         ;
; bus_arbit.v                      ; yes             ; User Verilog HDL File  ; C:/Users/starh/bus/bus_arbit.v  ;         ;
; _dff_r.v                         ; yes             ; User Verilog HDL File  ; C:/Users/starh/bus/_dff_r.v     ;         ;
+----------------------------------+-----------------+------------------------+---------------------------------+---------+


+-------------------------------------------------------------------------------------+
; Analysis & Synthesis Resource Usage Summary                                         ;
+---------------------------------------------+---------------------------------------+
; Resource                                    ; Usage                                 ;
+---------------------------------------------+---------------------------------------+
; Estimated Total logic elements              ; 78                                    ;
;                                             ;                                       ;
; Total combinational functions               ; 78                                    ;
; Logic element usage by number of LUT inputs ;                                       ;
;     -- 4 input functions                    ; 33                                    ;
;     -- 3 input functions                    ; 44                                    ;
;     -- <=2 input functions                  ; 1                                     ;
;                                             ;                                       ;
; Logic elements by mode                      ;                                       ;
;     -- normal mode                          ; 78                                    ;
;     -- arithmetic mode                      ; 0                                     ;
;                                             ;                                       ;
; Total registers                             ; 3                                     ;
;     -- Dedicated logic registers            ; 3                                     ;
;     -- I/O registers                        ; 0                                     ;
;                                             ;                                       ;
; I/O pins                                    ; 227                                   ;
; Embedded Multiplier 9-bit elements          ; 0                                     ;
; Maximum fan-out node                        ; bus_arbit:U0_bus_arbit|state.M1_Grant ;
; Maximum fan-out                             ; 44                                    ;
; Total fan-out                               ; 354                                   ;
; Average fan-out                             ; 1.15                                  ;
+---------------------------------------------+---------------------------------------+


+------------------------------------------------------------------------------------------------------------------------------------------------------------------------------------------+
; Analysis & Synthesis Resource Utilization by Entity                                                                                                                                      ;
+-------------------------------+-------------------+--------------+-------------+--------------+---------+-----------+------+--------------+-------------------------------+--------------+
; Compilation Hierarchy Node    ; LC Combinationals ; LC Registers ; Memory Bits ; DSP Elements ; DSP 9x9 ; DSP 18x18 ; Pins ; Virtual Pins ; Full Hierarchy Name           ; Library Name ;
+-------------------------------+-------------------+--------------+-------------+--------------+---------+-----------+------+--------------+-------------------------------+--------------+
; |bus                          ; 78 (0)            ; 3 (0)        ; 0           ; 0            ; 0       ; 0         ; 227  ; 0            ; |bus                          ;              ;
;    |_dff_r:U5_dff_r|          ; 0 (0)             ; 2 (2)        ; 0           ; 0            ; 0       ; 0         ; 0    ; 0            ; |bus|_dff_r:U5_dff_r          ;              ;
;    |bus_addr:U4_bus_addr|     ; 4 (4)             ; 0 (0)        ; 0           ; 0            ; 0       ; 0         ; 0    ; 0            ; |bus|bus_addr:U4_bus_addr     ;              ;
;    |bus_arbit:U0_bus_arbit|   ; 1 (1)             ; 1 (1)        ; 0           ; 0            ; 0       ; 0         ; 0    ; 0            ; |bus|bus_arbit:U0_bus_arbit   ;              ;
;    |mux2:U1_mux2|             ; 1 (1)             ; 0 (0)        ; 0           ; 0            ; 0       ; 0         ; 0    ; 0            ; |bus|mux2:U1_mux2             ;              ;
;    |mux2_32bit:U3_mux2_32bit| ; 32 (32)           ; 0 (0)        ; 0           ; 0            ; 0       ; 0         ; 0    ; 0            ; |bus|mux2_32bit:U3_mux2_32bit ;              ;
;    |mux2_8bit:U2_mux2_8bit|   ; 8 (8)             ; 0 (0)        ; 0           ; 0            ; 0       ; 0         ; 0    ; 0            ; |bus|mux2_8bit:U2_mux2_8bit   ;              ;
;    |mux3_32bit:U6_mux3_32bit| ; 32 (32)           ; 0 (0)        ; 0           ; 0            ; 0       ; 0         ; 0    ; 0            ; |bus|mux3_32bit:U6_mux3_32bit ;              ;
+-------------------------------+-------------------+--------------+-------------+--------------+---------+-----------+------+--------------+-------------------------------+--------------+
Note: For table entries with two numbers listed, the numbers in parentheses indicate the number of resources of the given type used by the specific entity alone. The numbers listed outside of parentheses indicate the total resources of the given type used by the specific entity and all of its sub-entities in the hierarchy.


Encoding Type:  One-Hot
+---------------------------------------------------+
; State Machine - |bus|bus_arbit:U0_bus_arbit|state ;
+----------------+----------------------------------+
; Name           ; state.M1_Grant                   ;
+----------------+----------------------------------+
; state.M0_Grant ; 0                                ;
; state.M1_Grant ; 1                                ;
+----------------+----------------------------------+


+------------------------------------------------------------+
; Registers Removed During Synthesis                         ;
+---------------------------------------+--------------------+
; Register name                         ; Reason for Removal ;
+---------------------------------------+--------------------+
; bus_arbit:U0_bus_arbit|state~5        ; Lost fanout        ;
; Total Number of Removed Registers = 1 ;                    ;
+---------------------------------------+--------------------+


+------------------------------------------------------+
; General Register Statistics                          ;
+----------------------------------------------+-------+
; Statistic                                    ; Value ;
+----------------------------------------------+-------+
; Total registers                              ; 3     ;
; Number of registers using Synchronous Clear  ; 0     ;
; Number of registers using Synchronous Load   ; 1     ;
; Number of registers using Asynchronous Clear ; 3     ;
; Number of registers using Asynchronous Load  ; 0     ;
; Number of registers using Clock Enable       ; 0     ;
; Number of registers using Preset             ; 0     ;
+----------------------------------------------+-------+


+---------------------------------------------------------------------------------------------------------------------------------------------------+
; Multiplexer Restructuring Statistics (Restructuring Performed)                                                                                    ;
+--------------------+-----------+---------------+----------------------+------------------------+------------+-------------------------------------+
; Multiplexer Inputs ; Bus Width ; Baseline Area ; Area if Restructured ; Saving if Restructured ; Registered ; Example Multiplexer Output          ;
+--------------------+-----------+---------------+----------------------+------------------------+------------+-------------------------------------+
; 3:1                ; 32 bits   ; 64 LEs        ; 64 LEs               ; 0 LEs                  ; No         ; |bus|mux3_32bit:U6_mux3_32bit|Mux30 ;
+--------------------+-----------+---------------+----------------------+------------------------+------------+-------------------------------------+


+---------------------------------------------------------------------+
; Parameter Settings for User Entity Instance: bus_arbit:U0_bus_arbit ;
+----------------+-------+--------------------------------------------+
; Parameter Name ; Value ; Type                                       ;
+----------------+-------+--------------------------------------------+
; M0_Grant       ; 10    ; Unsigned Binary                            ;
; M1_Grant       ; 01    ; Unsigned Binary                            ;
+----------------+-------+--------------------------------------------+
Note: In order to hide this table in the UI and the text report file, please set the "Show Parameter Settings in Synthesis Report" option in "Analysis and Synthesis Settings -> More Settings" to "Off".


+------------------------------------------------------+
; Port Connectivity Checks: "mux3_32bit:U6_mux3_32bit" ;
+------+-------+----------+----------------------------+
; Port ; Type  ; Severity ; Details                    ;
+------+-------+----------+----------------------------+
; d0   ; Input ; Info     ; Stuck at GND               ;
+------+-------+----------+----------------------------+


+-------------------------------+
; Elapsed Time Per Partition    ;
+----------------+--------------+
; Partition Name ; Elapsed Time ;
+----------------+--------------+
; Top            ; 00:00:00     ;
+----------------+--------------+


+-------------------------------+
; Analysis & Synthesis Messages ;
+-------------------------------+
Info: *******************************************************************
Info: Running Quartus II 64-Bit Analysis & Synthesis
    Info: Version 13.0.0 Build 156 04/24/2013 SJ Web Edition
    Info: Processing started: Thu Nov 02 22:47:57 2017
Info: Command: quartus_map --read_settings_files=on --write_settings_files=off bus -c bus
Warning (20028): Parallel compilation is not licensed and has been disabled
Info (12021): Found 1 design units, including 1 entities, in source file bus.v
    Info (12023): Found entity 1: bus
Info (12021): Found 1 design units, including 1 entities, in source file mux2.v
    Info (12023): Found entity 1: mux2
Info (12021): Found 1 design units, including 1 entities, in source file mux2_8bit.v
    Info (12023): Found entity 1: mux2_8bit
Info (12021): Found 1 design units, including 1 entities, in source file mux3_32bit.v
    Info (12023): Found entity 1: mux3_32bit
Info (12021): Found 1 design units, including 1 entities, in source file mux2_32bit.v
    Info (12023): Found entity 1: mux2_32bit
Info (12021): Found 1 design units, including 1 entities, in source file bus_addr.v
    Info (12023): Found entity 1: bus_addr
Info (12021): Found 1 design units, including 1 entities, in source file bus_arbit.v
    Info (12023): Found entity 1: bus_arbit
Info (12021): Found 1 design units, including 1 entities, in source file _dff_r.v
    Info (12023): Found entity 1: _dff_r
Info (12021): Found 1 design units, including 1 entities, in source file tb_bus.v
    Info (12023): Found entity 1: tb_bus
Info (12127): Elaborating entity "bus" for the top level hierarchy
Info (12128): Elaborating entity "bus_arbit" for hierarchy "bus_arbit:U0_bus_arbit"
Info (12128): Elaborating entity "mux2" for hierarchy "mux2:U1_mux2"
Info (10264): Verilog HDL Case Statement information at mux2.v(9): all case item expressions in this case statement are onehot
Info (12128): Elaborating entity "mux2_8bit" for hierarchy "mux2_8bit:U2_mux2_8bit"
Info (10264): Verilog HDL Case Statement information at mux2_8bit.v(9): all case item expressions in this case statement are onehot
Info (12128): Elaborating entity "mux2_32bit" for hierarchy "mux2_32bit:U3_mux2_32bit"
Info (10264): Verilog HDL Case Statement information at mux2_32bit.v(9): all case item expressions in this case statement are onehot
Info (12128): Elaborating entity "bus_addr" for hierarchy "bus_addr:U4_bus_addr"
Info (12128): Elaborating entity "_dff_r" for hierarchy "_dff_r:U5_dff_r"
Info (12128): Elaborating entity "mux3_32bit" for hierarchy "mux3_32bit:U6_mux3_32bit"
Info (17049): 1 registers lost all their fanouts during netlist optimizations.
Info (144001): Generated suppressed messages file C:/Users/starh/bus/output_files/bus.map.smsg
Info (16010): Generating hard_block partition "hard_block:auto_generated_inst"
    Info (16011): Adding 0 node(s), including 0 DDIO, 0 PLL, 0 transceiver and 0 LCELL
Info (21057): Implemented 307 device resources after synthesis - the final resource count might be different
    Info (21058): Implemented 150 input pins
    Info (21059): Implemented 77 output pins
    Info (21061): Implemented 80 logic cells
Info: Quartus II 64-Bit Analysis & Synthesis was successful. 0 errors, 1 warning
    Info: Peak virtual memory: 487 megabytes
    Info: Processing ended: Thu Nov 02 22:47:59 2017
    Info: Elapsed time: 00:00:02
    Info: Total CPU time (on all processors): 00:00:01


+------------------------------------------+
; Analysis & Synthesis Suppressed Messages ;
+------------------------------------------+
The suppressed messages can be found in C:/Users/starh/bus/output_files/bus.map.smsg.


