


ARM Macro Assembler    Page 1 


    1 00000000                 AREA             ARMex, CODE, READONLY
    2 00000000                 ENTRY
    3 00000000         
    4 00000000         Start
    5 00000000 E3A00001        MOV              r0,#1       ;store 1 in r0
    6 00000004 E1A00080        MOV              r0,r0,LSL #1 
                                                            ;r0= r0*2 = 1*2 = 2
                                                            
    7 00000008 E1A00080        MOV              r0,r0, LSL #1 
                                                            ;r0= r0*2 = 2*2 = 4
                                                            
    8 0000000C E1A00080        MOV              r0,r0, LSL #1 
                                                            ;r0= r0*2 = 4*2 = 8
                                                            
    9 00000010         
   10 00000010 E3A01001        MOV              r1,#1       ;store 1 in r1
   11 00000014 E1A01081        MOV              r1,r1, LSL #1 
                                                            ;r1= r1*2 = 1*2 = 2
                                                            
   12 00000018         
   13 00000018 E3A02001        MOV              r2,#1       ;store 1 in r2
   14 0000001C         
   15 0000001C E0803001        ADD              r3,r0,r1    ; r3=r0+r1
   16 00000020 E0833002        ADD              r3,r3,r2    ; r3=r3+r2
   17 00000024         
   18 00000024 E1A04003        MOV              r4,r3       ;r4=r3
   19 00000028         
   20 00000028 E3A06001        MOV              r6,#1       ;store 1 in r6
   21 0000002C E1A06086        MOV              r6,r6,LSL #1 
                                                            ;r6= r6*2 = 1*2 = 2
                                                            
   22 00000030 E1A06086        MOV              r6,r6,LSL #1 
                                                            ;r6= r6*2 = 2*2 = 4
                                                            
   23 00000034 E1A06086        MOV              r6,r6, LSL #1 
                                                            ;r6= r6*2 = 4*2 = 8
                                                            
   24 00000038         
   25 00000038 E3A07001        MOV              r7,#1       ;store 1 in r7
   26 0000003C E1A07087        MOV              r7,r7, LSL #1 
                                                            ;r7= r7*2 = 1*2 = 2
                                                            
   27 00000040         
   28 00000040 E0868007        ADD              r8,r6,r7    ;r8= r6+r7 = 8+2= 1
                                                            0
   29 00000044         
   30 00000044 E3A09001        MOV              r9,#1       ;store 1 in r9
   31 00000048         
   32 00000048         Loop
   33 00000048 E0833001        ADD              r3,r3,r1    ;r3= r3+2
   34 0000004C E0844003        ADD              r4,r4,r3    ;r4= r4+r3
   35 00000050 E2899001        ADD              r9,r9,#1    ;r9=r9+1
   36 00000054         
   37 00000054 E1590008        CMP              r9,r8       ;compare r9 with r8
                                                            
   38 00000058 0A000000        BEQ              EndLine
   39 0000005C EAFFFFF9        B                Loop
   40 00000060         
   41 00000060         



ARM Macro Assembler    Page 2 


   42 00000060         
   43 00000060         EndLine
   44 00000060 E59F0004        LDR              r0, Address1
   45 00000064 E5804000        STR              r4, [r0]    ;store7
   46 00000068 E1A0F00E        MOV              pc, lr
   47 0000006C         
   48 0000006C 00004000 
                       Address1
                               &                &4000
                       
Command Line: --debug --xref --diag_suppress=9931 --cpu=ARM9E --apcs=interwork 
--depend=.\objects\p3.d -o.\objects\p3.o -IC:\Keil_v5\ARM\RV31\INC -IC:\Keil_v5
\ARM\CMSIS\Include --predefine="__EVAL SETA 1" --predefine="__UVISION_VERSION S
ETA 524" --list=.\listings\p3.lst p3.s



ARM Macro Assembler    Page 1 Alphabetic symbol ordering
Relocatable symbols

ARMex 00000000

Symbol: ARMex
   Definitions
      At line 1 in file p3.s
   Uses
      None
Comment: ARMex unused
Address1 0000006C

Symbol: Address1
   Definitions
      At line 48 in file p3.s
   Uses
      At line 44 in file p3.s
Comment: Address1 used once
EndLine 00000060

Symbol: EndLine
   Definitions
      At line 43 in file p3.s
   Uses
      At line 38 in file p3.s
Comment: EndLine used once
Loop 00000048

Symbol: Loop
   Definitions
      At line 32 in file p3.s
   Uses
      At line 39 in file p3.s
Comment: Loop used once
Start 00000000

Symbol: Start
   Definitions
      At line 4 in file p3.s
   Uses
      None
Comment: Start unused
5 symbols
337 symbols in table
